1571539205484	mozrunner::runner	INFO	Running command: "/usr/bin/firefox" "-marionette" "-foreground" "-no-remote" "-profile" "/tmp/rust_mozprofiles9Pm60"
1571539206843	addons.webextension.screenshots@mozilla.org	WARN	Loading extension 'screenshots@mozilla.org': Reading manifest: Invalid extension permission: mozillaAddons
1571539206843	addons.webextension.screenshots@mozilla.org	WARN	Loading extension 'screenshots@mozilla.org': Reading manifest: Invalid extension permission: telemetry
1571539206843	addons.webextension.screenshots@mozilla.org	WARN	Loading extension 'screenshots@mozilla.org': Reading manifest: Invalid extension permission: resource://pdf.js/
1571539206851	addons.webextension.screenshots@mozilla.org	WARN	Loading extension 'screenshots@mozilla.org': Reading manifest: Invalid extension permission: about:reader*

(firefox:4217): LIBDBUSMENU-GLIB-WARNING **: 22:40:08.636: Unable to get session bus: Error spawning command line “dbus-launch --autolaunch=c88888ca69b0494ea16a1b525ea0acbc --binary-syntax --close-stderr”: Child process exited with code 1
1571539212235	Marionette	INFO	Listening on port 58452
1571539212610	Marionette	WARN	TLS certificate errors will be ignored for this session
[Parent 4217, Gecko_IOThread] WARNING: pipe error: Broken pipe: file /build/firefox-WlAST4/firefox-69.0.2+build1/ipc/chromium/src/chrome/common/ipc_channel_posix.cc, line 728
[Parent 4217, Gecko_IOThread] WARNING: pipe error: Broken pipe: file /build/firefox-WlAST4/firefox-69.0.2+build1/ipc/chromium/src/chrome/common/ipc_channel_posix.cc, line 728
1571539229254	Marionette	INFO	Stopped listening on port 58452
IPDL protocol error: Handler returned error code!

###!!! [Parent][DispatchAsyncMessage] Error: PLayerTransaction::Msg_ReleaseLayer Processing error: message was deserialized, but the handler returned false (indicating failure)

1571539903971	mozrunner::runner	INFO	Running command: "/usr/bin/firefox" "-marionette" "-foreground" "-no-remote" "-profile" "/tmp/rust_mozprofileRXjn9q"
1571539905000	addons.webextension.screenshots@mozilla.org	WARN	Loading extension 'screenshots@mozilla.org': Reading manifest: Invalid extension permission: mozillaAddons
1571539905000	addons.webextension.screenshots@mozilla.org	WARN	Loading extension 'screenshots@mozilla.org': Reading manifest: Invalid extension permission: telemetry
1571539905001	addons.webextension.screenshots@mozilla.org	WARN	Loading extension 'screenshots@mozilla.org': Reading manifest: Invalid extension permission: resource://pdf.js/
1571539905001	addons.webextension.screenshots@mozilla.org	WARN	Loading extension 'screenshots@mozilla.org': Reading manifest: Invalid extension permission: about:reader*

(firefox:4410): LIBDBUSMENU-GLIB-WARNING **: 22:51:46.819: Unable to get session bus: Error spawning command line “dbus-launch --autolaunch=c88888ca69b0494ea16a1b525ea0acbc --binary-syntax --close-stderr”: Child process exited with code 1
1571539909108	Marionette	INFO	Listening on port 58716
1571539909416	Marionette	WARN	TLS certificate errors will be ignored for this session
1571539918872	Marionette	INFO	Stopped listening on port 58716
1571539986940	mozrunner::runner	INFO	Running command: "/usr/bin/firefox" "-marionette" "-foreground" "-no-remote" "-profile" "/tmp/rust_mozprofileYINM9s"
1571539988230	addons.webextension.screenshots@mozilla.org	WARN	Loading extension 'screenshots@mozilla.org': Reading manifest: Invalid extension permission: mozillaAddons
1571539988231	addons.webextension.screenshots@mozilla.org	WARN	Loading extension 'screenshots@mozilla.org': Reading manifest: Invalid extension permission: telemetry
1571539988231	addons.webextension.screenshots@mozilla.org	WARN	Loading extension 'screenshots@mozilla.org': Reading manifest: Invalid extension permission: resource://pdf.js/
1571539988232	addons.webextension.screenshots@mozilla.org	WARN	Loading extension 'screenshots@mozilla.org': Reading manifest: Invalid extension permission: about:reader*

(firefox:4599): LIBDBUSMENU-GLIB-WARNING **: 22:53:10.355: Unable to get session bus: Error spawning command line “dbus-launch --autolaunch=c88888ca69b0494ea16a1b525ea0acbc --binary-syntax --close-stderr”: Child process exited with code 1
1571539992633	Marionette	INFO	Listening on port 58904
1571539992967	Marionette	WARN	TLS certificate errors will be ignored for this session
1571540001245	Marionette	INFO	Stopped listening on port 58904
[Parent 4599, Gecko_IOThread] WARNING: pipe error: Broken pipe: file /build/firefox-WlAST4/firefox-69.0.2+build1/ipc/chromium/src/chrome/common/ipc_channel_posix.cc, line 728
[Parent 4599, Gecko_IOThread] WARNING: pipe error: Broken pipe: file /build/firefox-WlAST4/firefox-69.0.2+build1/ipc/chromium/src/chrome/common/ipc_channel_posix.cc, line 728
JavaScript error: resource://gre/actors/BrowserElementParent.jsm, line 314: TypeError: state is undefined
JavaScript error: resource://gre/modules/AsyncShutdown.jsm, line 551: NS_ERROR_UNEXPECTED: 
JavaScript error: resource://gre/actors/BrowserElementParent.jsm, line 314: TypeError: state is undefined
JavaScript error: resource://gre/modules/AsyncShutdown.jsm, line 551: NS_ERROR_UNEXPECTED: 
[Parent 4599, Gecko_IOThread] WARNING: pipe error: Broken pipe: file /build/firefox-WlAST4/firefox-69.0.2+build1/ipc/chromium/src/chrome/common/ipc_channel_posix.cc, line 728
[Parent 4599, Gecko_IOThread] WARNING: pipe error: Broken pipe: file /build/firefox-WlAST4/firefox-69.0.2+build1/ipc/chromium/src/chrome/common/ipc_channel_posix.cc, line 728
IPDL protocol error: Handler returned error code!

###!!! [Parent][DispatchAsyncMessage] Error: PLayerTransaction::Msg_ReleaseLayer Processing error: message was deserialized, but the handler returned false (indicating failure)

IPDL protocol error: Handler returned error code!

###!!! [Parent][DispatchAsyncMessage] Error: PLayerTransaction::Msg_ReleaseLayer Processing error: message was deserialized, but the handler returned false (indicating failure)

IPDL protocol error: Handler returned error code!

###!!! [Parent][DispatchAsyncMessage] Error: PLayerTransaction::Msg_ReleaseLayer Processing error: message was deserialized, but the handler returned false (indicating failure)

1571540361694	mozrunner::runner	INFO	Running command: "/usr/bin/firefox" "-marionette" "-foreground" "-no-remote" "-profile" "/tmp/rust_mozprofileECoiIs"
1571540362831	addons.webextension.screenshots@mozilla.org	WARN	Loading extension 'screenshots@mozilla.org': Reading manifest: Invalid extension permission: mozillaAddons
1571540362832	addons.webextension.screenshots@mozilla.org	WARN	Loading extension 'screenshots@mozilla.org': Reading manifest: Invalid extension permission: telemetry
1571540362832	addons.webextension.screenshots@mozilla.org	WARN	Loading extension 'screenshots@mozilla.org': Reading manifest: Invalid extension permission: resource://pdf.js/
1571540362832	addons.webextension.screenshots@mozilla.org	WARN	Loading extension 'screenshots@mozilla.org': Reading manifest: Invalid extension permission: about:reader*

(firefox:4813): LIBDBUSMENU-GLIB-WARNING **: 22:59:24.593: Unable to get session bus: Error spawning command line “dbus-launch --autolaunch=c88888ca69b0494ea16a1b525ea0acbc --binary-syntax --close-stderr”: Child process exited with code 1
1571540366853	Marionette	INFO	Listening on port 59151
1571540367118	Marionette	WARN	TLS certificate errors will be ignored for this session
1571540377202	Marionette	INFO	Stopped listening on port 59151
1571541019936	mozrunner::runner	INFO	Running command: "/usr/bin/firefox" "-marionette" "-foreground" "-no-remote" "-profile" "/tmp/rust_mozprofilelk0orp"
1571541020926	addons.webextension.screenshots@mozilla.org	WARN	Loading extension 'screenshots@mozilla.org': Reading manifest: Invalid extension permission: mozillaAddons
1571541020927	addons.webextension.screenshots@mozilla.org	WARN	Loading extension 'screenshots@mozilla.org': Reading manifest: Invalid extension permission: telemetry
1571541020927	addons.webextension.screenshots@mozilla.org	WARN	Loading extension 'screenshots@mozilla.org': Reading manifest: Invalid extension permission: resource://pdf.js/
1571541020927	addons.webextension.screenshots@mozilla.org	WARN	Loading extension 'screenshots@mozilla.org': Reading manifest: Invalid extension permission: about:reader*

(firefox:5007): LIBDBUSMENU-GLIB-WARNING **: 23:10:22.698: Unable to get session bus: Error spawning command line “dbus-launch --autolaunch=c88888ca69b0494ea16a1b525ea0acbc --binary-syntax --close-stderr”: Child process exited with code 1
1571541025077	Marionette	INFO	Listening on port 59389
1571541025357	Marionette	WARN	TLS certificate errors will be ignored for this session
1571541033493	Marionette	INFO	Stopped listening on port 59389
1571541084298	mozrunner::runner	INFO	Running command: "/usr/bin/firefox" "-marionette" "-foreground" "-no-remote" "-profile" "/tmp/rust_mozprofilecunlES"
1571541085283	addons.webextension.screenshots@mozilla.org	WARN	Loading extension 'screenshots@mozilla.org': Reading manifest: Invalid extension permission: mozillaAddons
1571541085283	addons.webextension.screenshots@mozilla.org	WARN	Loading extension 'screenshots@mozilla.org': Reading manifest: Invalid extension permission: telemetry
1571541085284	addons.webextension.screenshots@mozilla.org	WARN	Loading extension 'screenshots@mozilla.org': Reading manifest: Invalid extension permission: resource://pdf.js/
1571541085284	addons.webextension.screenshots@mozilla.org	WARN	Loading extension 'screenshots@mozilla.org': Reading manifest: Invalid extension permission: about:reader*

(firefox:5190): LIBDBUSMENU-GLIB-WARNING **: 23:11:27.056: Unable to get session bus: Error spawning command line “dbus-launch --autolaunch=c88888ca69b0494ea16a1b525ea0acbc --binary-syntax --close-stderr”: Child process exited with code 1
1571541089277	Marionette	INFO	Listening on port 59557
1571541089729	Marionette	WARN	TLS certificate errors will be ignored for this session
1571541098119	Marionette	INFO	Stopped listening on port 59557
1571541136918	mozrunner::runner	INFO	Running command: "/usr/bin/firefox" "-marionette" "-foreground" "-no-remote" "-profile" "/tmp/rust_mozprofile2ZGvIY"
1571541137891	addons.webextension.screenshots@mozilla.org	WARN	Loading extension 'screenshots@mozilla.org': Reading manifest: Invalid extension permission: mozillaAddons
1571541137891	addons.webextension.screenshots@mozilla.org	WARN	Loading extension 'screenshots@mozilla.org': Reading manifest: Invalid extension permission: telemetry
1571541137891	addons.webextension.screenshots@mozilla.org	WARN	Loading extension 'screenshots@mozilla.org': Reading manifest: Invalid extension permission: resource://pdf.js/
1571541137892	addons.webextension.screenshots@mozilla.org	WARN	Loading extension 'screenshots@mozilla.org': Reading manifest: Invalid extension permission: about:reader*

(firefox:5375): LIBDBUSMENU-GLIB-WARNING **: 23:12:19.650: Unable to get session bus: Error spawning command line “dbus-launch --autolaunch=c88888ca69b0494ea16a1b525ea0acbc --binary-syntax --close-stderr”: Child process exited with code 1
1571541141876	Marionette	INFO	Listening on port 59728
1571541142333	Marionette	WARN	TLS certificate errors will be ignored for this session
1571541150446	Marionette	INFO	Stopped listening on port 59728
[Parent 5375, Gecko_IOThread] WARNING: pipe error: Broken pipe: file /build/firefox-WlAST4/firefox-69.0.2+build1/ipc/chromium/src/chrome/common/ipc_channel_posix.cc, line 728
[Parent 5375, Gecko_IOThread] WARNING: pipe error: Broken pipe: file /build/firefox-WlAST4/firefox-69.0.2+build1/ipc/chromium/src/chrome/common/ipc_channel_posix.cc, line 728
JavaScript error: resource://gre/actors/BrowserElementParent.jsm, line 314: TypeError: state is undefined
JavaScript error: resource://gre/modules/AsyncShutdown.jsm, line 551: NS_ERROR_UNEXPECTED: 
JavaScript error: resource://gre/actors/BrowserElementParent.jsm, line 314: TypeError: state is undefined
JavaScript error: resource://gre/modules/AsyncShutdown.jsm, line 551: NS_ERROR_UNEXPECTED: 
[Parent 5375, Gecko_IOThread] WARNING: pipe error: Broken pipe: file /build/firefox-WlAST4/firefox-69.0.2+build1/ipc/chromium/src/chrome/common/ipc_channel_posix.cc, line 728
[Parent 5375, Gecko_IOThread] WARNING: pipe error: Broken pipe: file /build/firefox-WlAST4/firefox-69.0.2+build1/ipc/chromium/src/chrome/common/ipc_channel_posix.cc, line 728
IPDL protocol error: Handler returned error code!

###!!! [Parent][DispatchAsyncMessage] Error: PLayerTransaction::Msg_ReleaseLayer Processing error: message was deserialized, but the handler returned false (indicating failure)

IPDL protocol error: Handler returned error code!

###!!! [Parent][DispatchAsyncMessage] Error: PLayerTransaction::Msg_ReleaseLayer Processing error: message was deserialized, but the handler returned false (indicating failure)

IPDL protocol error: Handler returned error code!

###!!! [Parent][DispatchAsyncMessage] Error: PLayerTransaction::Msg_ReleaseLayer Processing error: message was deserialized, but the handler returned false (indicating failure)

